<?xml version="1.0" encoding="UTF-8"?>
<coverage generated="1673062712238" clover="3.2.0">
  <project timestamp="1673062712238" name="All files">
    <metrics statements="21" coveredstatements="21" conditionals="1" coveredconditionals="1" methods="5" coveredmethods="5" elements="27" coveredelements="27" complexity="0" loc="21" ncloc="21" packages="4" files="4" classes="4"/>
    <package name="entities">
      <metrics statements="7" coveredstatements="7" conditionals="0" coveredconditionals="0" methods="1" coveredmethods="1"/>
      <file name="exercise.ts" path="/Users/thiagoandrade/Development/poc/pump/pp-backend/src/domain/entities/exercise.ts">
        <metrics statements="7" coveredstatements="7" conditionals="0" coveredconditionals="0" methods="1" coveredmethods="1"/>
        <line num="3" count="1" type="stmt"/>
        <line num="19" count="1" type="stmt"/>
        <line num="20" count="1" type="stmt"/>
        <line num="21" count="1" type="stmt"/>
        <line num="22" count="1" type="stmt"/>
        <line num="23" count="1" type="stmt"/>
        <line num="24" count="1" type="stmt"/>
      </file>
    </package>
    <package name="exceptions.base">
      <metrics statements="3" coveredstatements="3" conditionals="0" coveredconditionals="0" methods="1" coveredmethods="1"/>
      <file name="exercise.base.exception.ts" path="/Users/thiagoandrade/Development/poc/pump/pp-backend/src/domain/exceptions/base/exercise.base.exception.ts">
        <metrics statements="3" coveredstatements="3" conditionals="0" coveredconditionals="0" methods="1" coveredmethods="1"/>
        <line num="1" count="1" type="stmt"/>
        <line num="5" count="1" type="stmt"/>
        <line num="6" count="1" type="stmt"/>
      </file>
    </package>
    <package name="exceptions.exercises">
      <metrics statements="3" coveredstatements="3" conditionals="0" coveredconditionals="0" methods="1" coveredmethods="1"/>
      <file name="exercise-not-found.exception.ts" path="/Users/thiagoandrade/Development/poc/pump/pp-backend/src/domain/exceptions/exercises/exercise-not-found.exception.ts">
        <metrics statements="3" coveredstatements="3" conditionals="0" coveredconditionals="0" methods="1" coveredmethods="1"/>
        <line num="1" count="1" type="stmt"/>
        <line num="3" count="1" type="stmt"/>
        <line num="5" count="1" type="stmt"/>
      </file>
    </package>
    <package name="exercises.usecases">
      <metrics statements="8" coveredstatements="8" conditionals="1" coveredconditionals="1" methods="2" coveredmethods="2"/>
      <file name="find-exercise-by-id.usecase.ts" path="/Users/thiagoandrade/Development/poc/pump/pp-backend/src/domain/exercises/usecases/find-exercise-by-id.usecase.ts">
        <metrics statements="8" coveredstatements="8" conditionals="1" coveredconditionals="1" methods="2" coveredmethods="2"/>
        <line num="1" count="1" type="stmt"/>
        <line num="5" count="1" type="stmt"/>
        <line num="7" count="2" type="stmt"/>
        <line num="9" count="2" type="stmt"/>
        <line num="13" count="2" type="stmt"/>
        <line num="15" count="2" type="cond" truecount="1" falsecount="0"/>
        <line num="16" count="1" type="stmt"/>
        <line num="19" count="1" type="stmt"/>
      </file>
    </package>
  </project>
</coverage>
